This file contains any messages produced by compilers while
running configure, to aid debugging if configure makes a mistake.

It was created by jansson configure 1.1.3, which was
generated by GNU Autoconf 2.65.  Invocation command line was

  $ ./configure --disable-option-checking --prefix=/usr/local --cache-file=/dev/null --srcdir=.

## --------- ##
## Platform. ##
## --------- ##

hostname = localhost.localdomain
uname -m = x86_64
uname -r = 2.6.31.5-127.fc12.x86_64
uname -s = Linux
uname -v = #1 SMP Sat Nov 7 21:11:14 EST 2009

/usr/bin/uname -p = unknown
/bin/uname -X     = unknown

/bin/arch              = x86_64
/usr/bin/arch -k       = unknown
/usr/convex/getsysinfo = unknown
/usr/bin/hostinfo      = unknown
/bin/machine           = unknown
/usr/bin/oslevel       = unknown
/bin/universe          = unknown

PATH: /usr/lib64/qt-3.3/bin
PATH: /usr/kerberos/sbin
PATH: /usr/kerberos/bin
PATH: /usr/lib64/ccache
PATH: /usr/local/bin
PATH: /usr/bin
PATH: /bin
PATH: /usr/local/sbin
PATH: /usr/sbin
PATH: /sbin
PATH: /home/gedgar/bin


## ----------- ##
## Core tests. ##
## ----------- ##

configure:2250: checking for a BSD-compatible install
configure:2318: result: /usr/bin/install -c
configure:2329: checking whether build environment is sane
configure:2379: result: yes
configure:2520: checking for a thread-safe mkdir -p
configure:2559: result: /bin/mkdir -p
configure:2572: checking for gawk
configure:2588: found /usr/bin/gawk
configure:2599: result: gawk
configure:2610: checking whether make sets $(MAKE)
configure:2632: result: yes
configure:2766: checking for gcc
configure:2782: found /usr/lib64/ccache/gcc
configure:2793: result: gcc
configure:3022: checking for C compiler version
configure:3031: gcc --version >&5
gcc (GCC) 4.4.2 20091027 (Red Hat 4.4.2-7)
Copyright (C) 2009 Free Software Foundation, Inc.
This is free software; see the source for copying conditions.  There is NO
warranty; not even for MERCHANTABILITY or FITNESS FOR A PARTICULAR PURPOSE.

configure:3042: $? = 0
configure:3031: gcc -v >&5
Using built-in specs.
Target: x86_64-redhat-linux
Configured with: ../configure --prefix=/usr --mandir=/usr/share/man --infodir=/usr/share/info --with-bugurl=http://bugzilla.redhat.com/bugzilla --enable-bootstrap --enable-shared --enable-threads=posix --enable-checking=release --with-system-zlib --enable-__cxa_atexit --disable-libunwind-exceptions --enable-gnu-unique-object --enable-languages=c,c++,objc,obj-c++,java,fortran,ada --enable-java-awt=gtk --disable-dssi --enable-plugin --with-java-home=/usr/lib/jvm/java-1.5.0-gcj-1.5.0.0/jre --enable-libgcj-multifile --enable-java-maintainer-mode --with-ecj-jar=/usr/share/java/eclipse-ecj.jar --disable-libjava-multilib --with-ppl --with-cloog --with-tune=generic --with-arch_32=i686 --build=x86_64-redhat-linux
Thread model: posix
gcc version 4.4.2 20091027 (Red Hat 4.4.2-7) (GCC) 
configure:3042: $? = 0
configure:3031: gcc -V >&5
gcc: '-V' option must have argument
configure:3042: $? = 1
configure:3031: gcc -qversion >&5
gcc: unrecognized option '-qversion'
gcc: no input files
configure:3042: $? = 1
configure:3062: checking whether the C compiler works
configure:3084: gcc    conftest.c  >&5
configure:3088: $? = 0
configure:3137: result: yes
configure:3140: checking for C compiler default output file name
configure:3142: result: a.out
configure:3148: checking for suffix of executables
configure:3155: gcc -o conftest    conftest.c  >&5
configure:3159: $? = 0
configure:3181: result: 
configure:3203: checking whether we are cross compiling
configure:3211: gcc -o conftest    conftest.c  >&5
configure:3215: $? = 0
configure:3222: ./conftest
configure:3226: $? = 0
configure:3241: result: no
configure:3246: checking for suffix of object files
configure:3268: gcc -c   conftest.c >&5
configure:3272: $? = 0
configure:3293: result: o
configure:3297: checking whether we are using the GNU C compiler
configure:3316: gcc -c   conftest.c >&5
configure:3316: $? = 0
configure:3325: result: yes
configure:3334: checking whether gcc accepts -g
configure:3354: gcc -c -g  conftest.c >&5
configure:3354: $? = 0
configure:3395: result: yes
configure:3412: checking for gcc option to accept ISO C89
configure:3476: gcc  -c -g -O2  conftest.c >&5
configure:3476: $? = 0
configure:3489: result: none needed
configure:3520: checking for style of include used by make
configure:3548: result: GNU
configure:3573: checking dependency style of gcc
configure:3683: result: gcc3
configure:3700: WARNING: Libtool does not cope well with whitespace in `pwd`
configure:3727: checking build system type
configure:3741: result: x86_64-unknown-linux-gnu
configure:3761: checking host system type
configure:3774: result: x86_64-unknown-linux-gnu
configure:3794: checking for a sed that does not truncate output
configure:3858: result: /bin/sed
configure:3876: checking for grep that handles long lines and -e
configure:3934: result: /bin/grep
configure:3939: checking for egrep
configure:4001: result: /bin/grep -E
configure:4006: checking for fgrep
configure:4068: result: /bin/grep -F
configure:4103: checking for ld used by gcc
configure:4170: result: /usr/bin/ld
configure:4177: checking if the linker (/usr/bin/ld) is GNU ld
configure:4192: result: yes
configure:4204: checking for BSD- or MS-compatible name lister (nm)
configure:4253: result: /usr/bin/nm -B
configure:4371: checking the name lister (/usr/bin/nm -B) interface
configure:4378: gcc -c -g -O2  conftest.c >&5
configure:4381: /usr/bin/nm -B "conftest.o"
configure:4384: output
0000000000000000 B some_variable
configure:4391: result: BSD nm
configure:4394: checking whether ln -s works
configure:4398: result: yes
configure:4406: checking the maximum length of command line arguments
configure:4526: result: 1966080
configure:4543: checking whether the shell understands some XSI constructs
configure:4553: result: yes
configure:4557: checking whether the shell understands "+="
configure:4563: result: yes
configure:4598: checking for /usr/bin/ld option to reload object files
configure:4605: result: -r
configure:4674: checking for objdump
configure:4690: found /usr/bin/objdump
configure:4701: result: objdump
configure:4733: checking how to recognize dependent libraries
configure:4929: result: pass_all
configure:4989: checking for ar
configure:5005: found /usr/bin/ar
configure:5016: result: ar
configure:5094: checking for strip
configure:5110: found /usr/bin/strip
configure:5121: result: strip
configure:5193: checking for ranlib
configure:5209: found /usr/bin/ranlib
configure:5220: result: ranlib
configure:5310: checking command to parse /usr/bin/nm -B output from gcc object
configure:5428: gcc -c -g -O2  conftest.c >&5
configure:5431: $? = 0
configure:5435: /usr/bin/nm -B conftest.o \| sed -n -e 's/^.*[	 ]\([ABCDGIRSTW][ABCDGIRSTW]*\)[	 ][	 ]*\([_A-Za-z][_A-Za-z0-9]*\)$/\1 \2 \2/p' \> conftest.nm
configure:5438: $? = 0
configure:5492: gcc -o conftest -g -O2   conftest.c conftstm.o >&5
configure:5495: $? = 0
configure:5533: result: ok
configure:5629: gcc -c -g -O2  conftest.c >&5
configure:5632: $? = 0
configure:6342: checking how to run the C preprocessor
configure:6373: gcc -E  conftest.c
configure:6373: $? = 0
configure:6387: gcc -E  conftest.c
conftest.c:11:28: error: ac_nonexistent.h: No such file or directory
configure:6387: $? = 1
configure: failed program was:
| /* confdefs.h */
| #define PACKAGE_NAME "jansson"
| #define PACKAGE_TARNAME "jansson"
| #define PACKAGE_VERSION "1.1.3"
| #define PACKAGE_STRING "jansson 1.1.3"
| #define PACKAGE_BUGREPORT "petri@digip.org"
| #define PACKAGE_URL ""
| #define PACKAGE "jansson"
| #define VERSION "1.1.3"
| /* end confdefs.h.  */
| #include <ac_nonexistent.h>
configure:6412: result: gcc -E
configure:6432: gcc -E  conftest.c
configure:6432: $? = 0
configure:6446: gcc -E  conftest.c
conftest.c:11:28: error: ac_nonexistent.h: No such file or directory
configure:6446: $? = 1
configure: failed program was:
| /* confdefs.h */
| #define PACKAGE_NAME "jansson"
| #define PACKAGE_TARNAME "jansson"
| #define PACKAGE_VERSION "1.1.3"
| #define PACKAGE_STRING "jansson 1.1.3"
| #define PACKAGE_BUGREPORT "petri@digip.org"
| #define PACKAGE_URL ""
| #define PACKAGE "jansson"
| #define VERSION "1.1.3"
| /* end confdefs.h.  */
| #include <ac_nonexistent.h>
configure:6475: checking for ANSI C header files
configure:6495: gcc -c -g -O2  conftest.c >&5
configure:6495: $? = 0
configure:6568: gcc -o conftest -g -O2   conftest.c  >&5
configure:6568: $? = 0
configure:6568: ./conftest
configure:6568: $? = 0
configure:6579: result: yes
configure:6592: checking for sys/types.h
configure:6592: gcc -c -g -O2  conftest.c >&5
configure:6592: $? = 0
configure:6592: result: yes
configure:6592: checking for sys/stat.h
configure:6592: gcc -c -g -O2  conftest.c >&5
configure:6592: $? = 0
configure:6592: result: yes
configure:6592: checking for stdlib.h
configure:6592: gcc -c -g -O2  conftest.c >&5
configure:6592: $? = 0
configure:6592: result: yes
configure:6592: checking for string.h
configure:6592: gcc -c -g -O2  conftest.c >&5
configure:6592: $? = 0
configure:6592: result: yes
configure:6592: checking for memory.h
configure:6592: gcc -c -g -O2  conftest.c >&5
configure:6592: $? = 0
configure:6592: result: yes
configure:6592: checking for strings.h
configure:6592: gcc -c -g -O2  conftest.c >&5
configure:6592: $? = 0
configure:6592: result: yes
configure:6592: checking for inttypes.h
configure:6592: gcc -c -g -O2  conftest.c >&5
configure:6592: $? = 0
configure:6592: result: yes
configure:6592: checking for stdint.h
configure:6592: gcc -c -g -O2  conftest.c >&5
configure:6592: $? = 0
configure:6592: result: yes
configure:6592: checking for unistd.h
configure:6592: gcc -c -g -O2  conftest.c >&5
configure:6592: $? = 0
configure:6592: result: yes
configure:6607: checking for dlfcn.h
configure:6607: gcc -c -g -O2  conftest.c >&5
configure:6607: $? = 0
configure:6607: result: yes
configure:6791: checking for objdir
configure:6806: result: .libs
configure:7098: checking if gcc supports -fno-rtti -fno-exceptions
configure:7116: gcc -c -g -O2  -fno-rtti -fno-exceptions conftest.c >&5
cc1: warning: command line option "-fno-rtti" is valid for C++/ObjC++ but not for C
cc1: warning: command line option "-fno-rtti" is valid for C++/ObjC++ but not for C
configure:7120: $? = 0
configure:7133: result: no
configure:7153: checking for gcc option to produce PIC
configure:7425: result: -fPIC -DPIC
configure:7437: checking if gcc PIC flag -fPIC -DPIC works
configure:7455: gcc -c -g -O2  -fPIC -DPIC -DPIC conftest.c >&5
configure:7459: $? = 0
configure:7472: result: yes
configure:7496: checking if gcc static flag -static works
configure:7524: result: no
configure:7539: checking if gcc supports -c -o file.o
configure:7560: gcc -c -g -O2  -o out/conftest2.o conftest.c >&5
configure:7564: $? = 0
configure:7586: result: yes
configure:7594: checking if gcc supports -c -o file.o
configure:7641: result: yes
configure:7674: checking whether the gcc linker (/usr/bin/ld -m elf_x86_64) supports shared libraries
configure:8665: result: yes
configure:8702: checking whether -lc should be explicitly linked in
configure:8707: gcc -c -g -O2  conftest.c >&5
configure:8710: $? = 0
configure:8725: gcc -shared conftest.o  -v -Wl,-soname -Wl,conftest -o conftest 2\>\&1 \| /bin/grep  -lc  \>/dev/null 2\>\&1
configure:8728: $? = 0
configure:8740: result: no
configure:8904: checking dynamic linker characteristics
configure:9337: gcc -o conftest -g -O2   -Wl,-rpath -Wl,/foo conftest.c  >&5
configure:9337: $? = 0
configure:9567: result: GNU/Linux ld.so
configure:9669: checking how to hardcode library paths into programs
configure:9694: result: immediate
configure:10214: checking whether stripping libraries is possible
configure:10219: result: yes
configure:10254: checking if libtool supports shared libraries
configure:10256: result: yes
configure:10259: checking whether to build shared libraries
configure:10280: result: yes
configure:10283: checking whether to build static libraries
configure:10287: result: yes
configure:10451: creating ./config.status

## ---------------------- ##
## Running config.status. ##
## ---------------------- ##

This file was extended by jansson config.status 1.1.3, which was
generated by GNU Autoconf 2.65.  Invocation command line was

  CONFIG_FILES    = 
  CONFIG_HEADERS  = 
  CONFIG_LINKS    = 
  CONFIG_COMMANDS = 
  $ ./config.status 

on localhost.localdomain

config.status:1067: creating Makefile
config.status:1067: creating doc/Makefile
config.status:1067: creating src/Makefile
config.status:1067: creating test/Makefile
config.status:1067: creating test/testdata/Makefile
config.status:1067: creating test/testprogs/Makefile
config.status:1067: creating config.h
config.status:1287: executing depfiles commands
config.status:1287: executing libtool commands

## ---------------- ##
## Cache variables. ##
## ---------------- ##

ac_cv_build=x86_64-unknown-linux-gnu
ac_cv_c_compiler_gnu=yes
ac_cv_env_CC_set=
ac_cv_env_CC_value=
ac_cv_env_CFLAGS_set=
ac_cv_env_CFLAGS_value=
ac_cv_env_CPPFLAGS_set=
ac_cv_env_CPPFLAGS_value=
ac_cv_env_CPP_set=
ac_cv_env_CPP_value=
ac_cv_env_LDFLAGS_set=
ac_cv_env_LDFLAGS_value=
ac_cv_env_LIBS_set=
ac_cv_env_LIBS_value=
ac_cv_env_build_alias_set=
ac_cv_env_build_alias_value=
ac_cv_env_host_alias_set=
ac_cv_env_host_alias_value=
ac_cv_env_target_alias_set=
ac_cv_env_target_alias_value=
ac_cv_header_dlfcn_h=yes
ac_cv_header_inttypes_h=yes
ac_cv_header_memory_h=yes
ac_cv_header_stdc=yes
ac_cv_header_stdint_h=yes
ac_cv_header_stdlib_h=yes
ac_cv_header_string_h=yes
ac_cv_header_strings_h=yes
ac_cv_header_sys_stat_h=yes
ac_cv_header_sys_types_h=yes
ac_cv_header_unistd_h=yes
ac_cv_host=x86_64-unknown-linux-gnu
ac_cv_objext=o
ac_cv_path_EGREP='/bin/grep -E'
ac_cv_path_FGREP='/bin/grep -F'
ac_cv_path_GREP=/bin/grep
ac_cv_path_SED=/bin/sed
ac_cv_path_install='/usr/bin/install -c'
ac_cv_path_mkdir=/bin/mkdir
ac_cv_prog_AWK=gawk
ac_cv_prog_CPP='gcc -E'
ac_cv_prog_ac_ct_AR=ar
ac_cv_prog_ac_ct_CC=gcc
ac_cv_prog_ac_ct_OBJDUMP=objdump
ac_cv_prog_ac_ct_RANLIB=ranlib
ac_cv_prog_ac_ct_STRIP=strip
ac_cv_prog_cc_c89=
ac_cv_prog_cc_g=yes
ac_cv_prog_make_make_set=yes
am_cv_CC_dependencies_compiler_type=gcc3
lt_cv_deplibs_check_method=pass_all
lt_cv_file_magic_cmd='$MAGIC_CMD'
lt_cv_file_magic_test_file=
lt_cv_ld_reload_flag=-r
lt_cv_nm_interface='BSD nm'
lt_cv_objdir=.libs
lt_cv_path_LD=/usr/bin/ld
lt_cv_path_NM='/usr/bin/nm -B'
lt_cv_prog_compiler_c_o=yes
lt_cv_prog_compiler_pic_works=yes
lt_cv_prog_compiler_rtti_exceptions=no
lt_cv_prog_compiler_static_works=no
lt_cv_prog_gnu_ld=yes
lt_cv_sys_global_symbol_pipe='sed -n -e '\''s/^.*[	 ]\([ABCDGIRSTW][ABCDGIRSTW]*\)[	 ][	 ]*\([_A-Za-z][_A-Za-z0-9]*\)$/\1 \2 \2/p'\'''
lt_cv_sys_global_symbol_to_c_name_address='sed -n -e '\''s/^: \([^ ]*\) $/  {\"\1\", (void *) 0},/p'\'' -e '\''s/^[ABCDGIRSTW]* \([^ ]*\) \([^ ]*\)$/  {"\2", (void *) \&\2},/p'\'''
lt_cv_sys_global_symbol_to_c_name_address_lib_prefix='sed -n -e '\''s/^: \([^ ]*\) $/  {\"\1\", (void *) 0},/p'\'' -e '\''s/^[ABCDGIRSTW]* \([^ ]*\) \(lib[^ ]*\)$/  {"\2", (void *) \&\2},/p'\'' -e '\''s/^[ABCDGIRSTW]* \([^ ]*\) \([^ ]*\)$/  {"lib\2", (void *) \&\2},/p'\'''
lt_cv_sys_global_symbol_to_cdecl='sed -n -e '\''s/^T .* \(.*\)$/extern int \1();/p'\'' -e '\''s/^[ABCDGIRSTW]* .* \(.*\)$/extern char \1;/p'\'''
lt_cv_sys_max_cmd_len=1966080

## ----------------- ##
## Output variables. ##
## ----------------- ##

ACLOCAL='${SHELL} "/media/_CRYPTO is/GreenHouse/user_libraries/avro-c/avro-c-1.4.1/jansson/missing" --run aclocal-1.11'
AMDEPBACKSLASH='\'
AMDEP_FALSE='#'
AMDEP_TRUE=''
AMTAR='${SHELL} "/media/_CRYPTO is/GreenHouse/user_libraries/avro-c/avro-c-1.4.1/jansson/missing" --run tar'
AR='ar'
AUTOCONF='${SHELL} "/media/_CRYPTO is/GreenHouse/user_libraries/avro-c/avro-c-1.4.1/jansson/missing" --run autoconf'
AUTOHEADER='${SHELL} "/media/_CRYPTO is/GreenHouse/user_libraries/avro-c/avro-c-1.4.1/jansson/missing" --run autoheader'
AUTOMAKE='${SHELL} "/media/_CRYPTO is/GreenHouse/user_libraries/avro-c/avro-c-1.4.1/jansson/missing" --run automake-1.11'
AWK='gawk'
CC='gcc'
CCDEPMODE='depmode=gcc3'
CFLAGS='-g -O2'
CPP='gcc -E'
CPPFLAGS=''
CYGPATH_W='echo'
DEFS='-DHAVE_CONFIG_H'
DEPDIR='.deps'
DSYMUTIL=''
DUMPBIN=''
ECHO_C=''
ECHO_N='-n'
ECHO_T=''
EGREP='/bin/grep -E'
EXEEXT=''
FGREP='/bin/grep -F'
GREP='/bin/grep'
INSTALL_DATA='${INSTALL} -m 644'
INSTALL_PROGRAM='${INSTALL}'
INSTALL_SCRIPT='${INSTALL}'
INSTALL_STRIP_PROGRAM='$(install_sh) -c -s'
LD='/usr/bin/ld -m elf_x86_64'
LDFLAGS=''
LIBOBJS=''
LIBS=''
LIBTOOL='$(SHELL) $(top_builddir)/libtool'
LIPO=''
LN_S='ln -s'
LTLIBOBJS=''
MAKEINFO='${SHELL} "/media/_CRYPTO is/GreenHouse/user_libraries/avro-c/avro-c-1.4.1/jansson/missing" --run makeinfo'
MKDIR_P='/bin/mkdir -p'
NM='/usr/bin/nm -B'
NMEDIT=''
OBJDUMP='objdump'
OBJEXT='o'
OTOOL64=''
OTOOL=''
PACKAGE='jansson'
PACKAGE_BUGREPORT='petri@digip.org'
PACKAGE_NAME='jansson'
PACKAGE_STRING='jansson 1.1.3'
PACKAGE_TARNAME='jansson'
PACKAGE_URL=''
PACKAGE_VERSION='1.1.3'
PATH_SEPARATOR=':'
RANLIB='ranlib'
SED='/bin/sed'
SET_MAKE=''
SHELL='/bin/sh'
STRIP='strip'
VERSION='1.1.3'
ac_ct_CC='gcc'
ac_ct_DUMPBIN=''
am__EXEEXT_FALSE=''
am__EXEEXT_TRUE='#'
am__fastdepCC_FALSE='#'
am__fastdepCC_TRUE=''
am__include='include'
am__isrc=''
am__leading_dot='.'
am__quote=''
am__tar='${AMTAR} chof - "$$tardir"'
am__untar='${AMTAR} xf -'
bindir='${exec_prefix}/bin'
build='x86_64-unknown-linux-gnu'
build_alias=''
build_cpu='x86_64'
build_os='linux-gnu'
build_vendor='unknown'
datadir='${datarootdir}'
datarootdir='${prefix}/share'
docdir='${datarootdir}/doc/${PACKAGE_TARNAME}'
dvidir='${docdir}'
exec_prefix='${prefix}'
host='x86_64-unknown-linux-gnu'
host_alias=''
host_cpu='x86_64'
host_os='linux-gnu'
host_vendor='unknown'
htmldir='${docdir}'
includedir='${prefix}/include'
infodir='${datarootdir}/info'
install_sh='${SHELL} '\''/media/_CRYPTO is/GreenHouse/user_libraries/avro-c/avro-c-1.4.1/jansson/install-sh'\'''
libdir='${exec_prefix}/lib'
libexecdir='${exec_prefix}/libexec'
localedir='${datarootdir}/locale'
localstatedir='${prefix}/var'
lt_ECHO='echo'
mandir='${datarootdir}/man'
mkdir_p='/bin/mkdir -p'
oldincludedir='/usr/include'
pdfdir='${docdir}'
prefix='/usr/local'
program_transform_name='s,x,x,'
psdir='${docdir}'
sbindir='${exec_prefix}/sbin'
sharedstatedir='${prefix}/com'
sysconfdir='${prefix}/etc'
target_alias=''

## ----------- ##
## confdefs.h. ##
## ----------- ##

/* confdefs.h */
#define PACKAGE_NAME "jansson"
#define PACKAGE_TARNAME "jansson"
#define PACKAGE_VERSION "1.1.3"
#define PACKAGE_STRING "jansson 1.1.3"
#define PACKAGE_BUGREPORT "petri@digip.org"
#define PACKAGE_URL ""
#define PACKAGE "jansson"
#define VERSION "1.1.3"
#define STDC_HEADERS 1
#define HAVE_SYS_TYPES_H 1
#define HAVE_SYS_STAT_H 1
#define HAVE_STDLIB_H 1
#define HAVE_STRING_H 1
#define HAVE_MEMORY_H 1
#define HAVE_STRINGS_H 1
#define HAVE_INTTYPES_H 1
#define HAVE_STDINT_H 1
#define HAVE_UNISTD_H 1
#define HAVE_DLFCN_H 1
#define LT_OBJDIR ".libs/"

configure: exit 0
