This file contains any messages produced by compilers while
running configure, to aid debugging if configure makes a mistake.

It was created by avro-c configure 1.4.1, which was
generated by GNU Autoconf 2.65.  Invocation command line was

  $ ./configure 

## --------- ##
## Platform. ##
## --------- ##

hostname = localhost.localdomain
uname -m = x86_64
uname -r = 2.6.31.5-127.fc12.x86_64
uname -s = Linux
uname -v = #1 SMP Sat Nov 7 21:11:14 EST 2009

/usr/bin/uname -p = unknown
/bin/uname -X     = unknown

/bin/arch              = x86_64
/usr/bin/arch -k       = unknown
/usr/convex/getsysinfo = unknown
/usr/bin/hostinfo      = unknown
/bin/machine           = unknown
/usr/bin/oslevel       = unknown
/bin/universe          = unknown

PATH: /usr/lib64/qt-3.3/bin
PATH: /usr/kerberos/sbin
PATH: /usr/kerberos/bin
PATH: /usr/lib64/ccache
PATH: /usr/local/bin
PATH: /usr/bin
PATH: /bin
PATH: /usr/local/sbin
PATH: /usr/sbin
PATH: /sbin
PATH: /home/gedgar/bin


## ----------- ##
## Core tests. ##
## ----------- ##

configure:2534: checking for a BSD-compatible install
configure:2602: result: /usr/bin/install -c
configure:2613: checking whether build environment is sane
configure:2663: result: yes
configure:2804: checking for a thread-safe mkdir -p
configure:2843: result: /bin/mkdir -p
configure:2856: checking for gawk
configure:2872: found /usr/bin/gawk
configure:2883: result: gawk
configure:2894: checking whether make sets $(MAKE)
configure:2916: result: yes
configure:3058: checking for gcc
configure:3074: found /usr/lib64/ccache/gcc
configure:3085: result: gcc
configure:3314: checking for C compiler version
configure:3323: gcc --version >&5
gcc (GCC) 4.4.2 20091027 (Red Hat 4.4.2-7)
Copyright (C) 2009 Free Software Foundation, Inc.
This is free software; see the source for copying conditions.  There is NO
warranty; not even for MERCHANTABILITY or FITNESS FOR A PARTICULAR PURPOSE.

configure:3334: $? = 0
configure:3323: gcc -v >&5
Using built-in specs.
Target: x86_64-redhat-linux
Configured with: ../configure --prefix=/usr --mandir=/usr/share/man --infodir=/usr/share/info --with-bugurl=http://bugzilla.redhat.com/bugzilla --enable-bootstrap --enable-shared --enable-threads=posix --enable-checking=release --with-system-zlib --enable-__cxa_atexit --disable-libunwind-exceptions --enable-gnu-unique-object --enable-languages=c,c++,objc,obj-c++,java,fortran,ada --enable-java-awt=gtk --disable-dssi --enable-plugin --with-java-home=/usr/lib/jvm/java-1.5.0-gcj-1.5.0.0/jre --enable-libgcj-multifile --enable-java-maintainer-mode --with-ecj-jar=/usr/share/java/eclipse-ecj.jar --disable-libjava-multilib --with-ppl --with-cloog --with-tune=generic --with-arch_32=i686 --build=x86_64-redhat-linux
Thread model: posix
gcc version 4.4.2 20091027 (Red Hat 4.4.2-7) (GCC) 
configure:3334: $? = 0
configure:3323: gcc -V >&5
gcc: '-V' option must have argument
configure:3334: $? = 1
configure:3323: gcc -qversion >&5
gcc: unrecognized option '-qversion'
gcc: no input files
configure:3334: $? = 1
configure:3354: checking whether the C compiler works
configure:3376: gcc    conftest.c  >&5
configure:3380: $? = 0
configure:3429: result: yes
configure:3432: checking for C compiler default output file name
configure:3434: result: a.out
configure:3440: checking for suffix of executables
configure:3447: gcc -o conftest    conftest.c  >&5
configure:3451: $? = 0
configure:3473: result: 
configure:3495: checking whether we are cross compiling
configure:3503: gcc -o conftest    conftest.c  >&5
configure:3507: $? = 0
configure:3514: ./conftest
configure:3518: $? = 0
configure:3533: result: no
configure:3538: checking for suffix of object files
configure:3560: gcc -c   conftest.c >&5
configure:3564: $? = 0
configure:3585: result: o
configure:3589: checking whether we are using the GNU C compiler
configure:3608: gcc -c   conftest.c >&5
configure:3608: $? = 0
configure:3617: result: yes
configure:3626: checking whether gcc accepts -g
configure:3646: gcc -c -g  conftest.c >&5
configure:3646: $? = 0
configure:3687: result: yes
configure:3704: checking for gcc option to accept ISO C89
configure:3768: gcc  -c -g -O2  conftest.c >&5
configure:3768: $? = 0
configure:3781: result: none needed
configure:3812: checking for style of include used by make
configure:3840: result: GNU
configure:3865: checking dependency style of gcc
configure:3975: result: gcc3
configure:4048: checking for g++
configure:4064: found /usr/lib64/ccache/g++
configure:4075: result: g++
configure:4102: checking for C++ compiler version
configure:4111: g++ --version >&5
g++ (GCC) 4.4.2 20091027 (Red Hat 4.4.2-7)
Copyright (C) 2009 Free Software Foundation, Inc.
This is free software; see the source for copying conditions.  There is NO
warranty; not even for MERCHANTABILITY or FITNESS FOR A PARTICULAR PURPOSE.

configure:4122: $? = 0
configure:4111: g++ -v >&5
Using built-in specs.
Target: x86_64-redhat-linux
Configured with: ../configure --prefix=/usr --mandir=/usr/share/man --infodir=/usr/share/info --with-bugurl=http://bugzilla.redhat.com/bugzilla --enable-bootstrap --enable-shared --enable-threads=posix --enable-checking=release --with-system-zlib --enable-__cxa_atexit --disable-libunwind-exceptions --enable-gnu-unique-object --enable-languages=c,c++,objc,obj-c++,java,fortran,ada --enable-java-awt=gtk --disable-dssi --enable-plugin --with-java-home=/usr/lib/jvm/java-1.5.0-gcj-1.5.0.0/jre --enable-libgcj-multifile --enable-java-maintainer-mode --with-ecj-jar=/usr/share/java/eclipse-ecj.jar --disable-libjava-multilib --with-ppl --with-cloog --with-tune=generic --with-arch_32=i686 --build=x86_64-redhat-linux
Thread model: posix
gcc version 4.4.2 20091027 (Red Hat 4.4.2-7) (GCC) 
configure:4122: $? = 0
configure:4111: g++ -V >&5
g++: '-V' option must have argument
configure:4122: $? = 1
configure:4111: g++ -qversion >&5
g++: unrecognized option '-qversion'
g++: no input files
configure:4122: $? = 1
configure:4126: checking whether we are using the GNU C++ compiler
configure:4145: g++ -c   conftest.cpp >&5
configure:4145: $? = 0
configure:4154: result: yes
configure:4163: checking whether g++ accepts -g
configure:4183: g++ -c -g  conftest.cpp >&5
configure:4183: $? = 0
configure:4224: result: yes
configure:4249: checking dependency style of g++
configure:4359: result: gcc3
configure:4375: checking whether gcc and cc understand -c and -o together
configure:4406: gcc -c conftest.c -o conftest2.o >&5
configure:4410: $? = 0
configure:4416: gcc -c conftest.c -o conftest2.o >&5
configure:4420: $? = 0
configure:4431: cc -c conftest.c >&5
configure:4435: $? = 0
configure:4443: cc -c conftest.c -o conftest2.o >&5
configure:4447: $? = 0
configure:4453: cc -c conftest.c -o conftest2.o >&5
configure:4457: $? = 0
configure:4475: result: yes
configure:4502: WARNING: Libtool does not cope well with whitespace in `pwd`
configure:4529: checking build system type
configure:4543: result: x86_64-unknown-linux-gnu
configure:4563: checking host system type
configure:4576: result: x86_64-unknown-linux-gnu
configure:4596: checking for a sed that does not truncate output
configure:4660: result: /bin/sed
configure:4678: checking for grep that handles long lines and -e
configure:4736: result: /bin/grep
configure:4741: checking for egrep
configure:4803: result: /bin/grep -E
configure:4808: checking for fgrep
configure:4870: result: /bin/grep -F
configure:4905: checking for ld used by gcc
configure:4972: result: /usr/bin/ld
configure:4979: checking if the linker (/usr/bin/ld) is GNU ld
configure:4994: result: yes
configure:5006: checking for BSD- or MS-compatible name lister (nm)
configure:5055: result: /usr/bin/nm -B
configure:5173: checking the name lister (/usr/bin/nm -B) interface
configure:5180: gcc -c -g -O2  conftest.c >&5
configure:5183: /usr/bin/nm -B "conftest.o"
configure:5186: output
0000000000000000 B some_variable
configure:5193: result: BSD nm
configure:5196: checking whether ln -s works
configure:5200: result: yes
configure:5208: checking the maximum length of command line arguments
configure:5328: result: 1966080
configure:5345: checking whether the shell understands some XSI constructs
configure:5355: result: yes
configure:5359: checking whether the shell understands "+="
configure:5365: result: yes
configure:5400: checking for /usr/bin/ld option to reload object files
configure:5407: result: -r
configure:5476: checking for objdump
configure:5492: found /usr/bin/objdump
configure:5503: result: objdump
configure:5535: checking how to recognize dependent libraries
configure:5731: result: pass_all
configure:5791: checking for ar
configure:5807: found /usr/bin/ar
configure:5818: result: ar
configure:5896: checking for strip
configure:5912: found /usr/bin/strip
configure:5923: result: strip
configure:5995: checking for ranlib
configure:6011: found /usr/bin/ranlib
configure:6022: result: ranlib
configure:6112: checking command to parse /usr/bin/nm -B output from gcc object
configure:6230: gcc -c -g -O2  conftest.c >&5
configure:6233: $? = 0
configure:6237: /usr/bin/nm -B conftest.o \| sed -n -e 's/^.*[	 ]\([ABCDGIRSTW][ABCDGIRSTW]*\)[	 ][	 ]*\([_A-Za-z][_A-Za-z0-9]*\)$/\1 \2 \2/p' \> conftest.nm
configure:6240: $? = 0
configure:6294: gcc -o conftest -g -O2   conftest.c conftstm.o >&5
configure:6297: $? = 0
configure:6335: result: ok
configure:6431: gcc -c -g -O2  conftest.c >&5
configure:6434: $? = 0
configure:7144: checking how to run the C preprocessor
configure:7175: gcc -E  conftest.c
configure:7175: $? = 0
configure:7189: gcc -E  conftest.c
conftest.c:12:28: error: ac_nonexistent.h: No such file or directory
configure:7189: $? = 1
configure: failed program was:
| /* confdefs.h */
| #define PACKAGE_NAME "avro-c"
| #define PACKAGE_TARNAME "avro-c"
| #define PACKAGE_VERSION "1.4.1"
| #define PACKAGE_STRING "avro-c 1.4.1"
| #define PACKAGE_BUGREPORT "http://issues.apache.org/jira/browse/AVRO"
| #define PACKAGE_URL ""
| #define PACKAGE "avro-c"
| #define VERSION "1.4.1"
| #define LIBAVRO_VERSION 21:0:0
| /* end confdefs.h.  */
| #include <ac_nonexistent.h>
configure:7214: result: gcc -E
configure:7234: gcc -E  conftest.c
configure:7234: $? = 0
configure:7248: gcc -E  conftest.c
conftest.c:12:28: error: ac_nonexistent.h: No such file or directory
configure:7248: $? = 1
configure: failed program was:
| /* confdefs.h */
| #define PACKAGE_NAME "avro-c"
| #define PACKAGE_TARNAME "avro-c"
| #define PACKAGE_VERSION "1.4.1"
| #define PACKAGE_STRING "avro-c 1.4.1"
| #define PACKAGE_BUGREPORT "http://issues.apache.org/jira/browse/AVRO"
| #define PACKAGE_URL ""
| #define PACKAGE "avro-c"
| #define VERSION "1.4.1"
| #define LIBAVRO_VERSION 21:0:0
| /* end confdefs.h.  */
| #include <ac_nonexistent.h>
configure:7277: checking for ANSI C header files
configure:7297: gcc -c -g -O2  conftest.c >&5
configure:7297: $? = 0
configure:7370: gcc -o conftest -g -O2   conftest.c  >&5
configure:7370: $? = 0
configure:7370: ./conftest
configure:7370: $? = 0
configure:7381: result: yes
configure:7394: checking for sys/types.h
configure:7394: gcc -c -g -O2  conftest.c >&5
configure:7394: $? = 0
configure:7394: result: yes
configure:7394: checking for sys/stat.h
configure:7394: gcc -c -g -O2  conftest.c >&5
configure:7394: $? = 0
configure:7394: result: yes
configure:7394: checking for stdlib.h
configure:7394: gcc -c -g -O2  conftest.c >&5
configure:7394: $? = 0
configure:7394: result: yes
configure:7394: checking for string.h
configure:7394: gcc -c -g -O2  conftest.c >&5
configure:7394: $? = 0
configure:7394: result: yes
configure:7394: checking for memory.h
configure:7394: gcc -c -g -O2  conftest.c >&5
configure:7394: $? = 0
configure:7394: result: yes
configure:7394: checking for strings.h
configure:7394: gcc -c -g -O2  conftest.c >&5
configure:7394: $? = 0
configure:7394: result: yes
configure:7394: checking for inttypes.h
configure:7394: gcc -c -g -O2  conftest.c >&5
configure:7394: $? = 0
configure:7394: result: yes
configure:7394: checking for stdint.h
configure:7394: gcc -c -g -O2  conftest.c >&5
configure:7394: $? = 0
configure:7394: result: yes
configure:7394: checking for unistd.h
configure:7394: gcc -c -g -O2  conftest.c >&5
configure:7394: $? = 0
configure:7394: result: yes
configure:7409: checking for dlfcn.h
configure:7409: gcc -c -g -O2  conftest.c >&5
configure:7409: $? = 0
configure:7409: result: yes
configure:7534: checking for C++ compiler version
configure:7543: g++ --version >&5
g++ (GCC) 4.4.2 20091027 (Red Hat 4.4.2-7)
Copyright (C) 2009 Free Software Foundation, Inc.
This is free software; see the source for copying conditions.  There is NO
warranty; not even for MERCHANTABILITY or FITNESS FOR A PARTICULAR PURPOSE.

configure:7554: $? = 0
configure:7543: g++ -v >&5
Using built-in specs.
Target: x86_64-redhat-linux
Configured with: ../configure --prefix=/usr --mandir=/usr/share/man --infodir=/usr/share/info --with-bugurl=http://bugzilla.redhat.com/bugzilla --enable-bootstrap --enable-shared --enable-threads=posix --enable-checking=release --with-system-zlib --enable-__cxa_atexit --disable-libunwind-exceptions --enable-gnu-unique-object --enable-languages=c,c++,objc,obj-c++,java,fortran,ada --enable-java-awt=gtk --disable-dssi --enable-plugin --with-java-home=/usr/lib/jvm/java-1.5.0-gcj-1.5.0.0/jre --enable-libgcj-multifile --enable-java-maintainer-mode --with-ecj-jar=/usr/share/java/eclipse-ecj.jar --disable-libjava-multilib --with-ppl --with-cloog --with-tune=generic --with-arch_32=i686 --build=x86_64-redhat-linux
Thread model: posix
gcc version 4.4.2 20091027 (Red Hat 4.4.2-7) (GCC) 
configure:7554: $? = 0
configure:7543: g++ -V >&5
g++: '-V' option must have argument
configure:7554: $? = 1
configure:7543: g++ -qversion >&5
g++: unrecognized option '-qversion'
g++: no input files
configure:7554: $? = 1
configure:7558: checking whether we are using the GNU C++ compiler
configure:7586: result: yes
configure:7595: checking whether g++ accepts -g
configure:7656: result: yes
configure:7681: checking dependency style of g++
configure:7791: result: gcc3
configure:7814: checking how to run the C++ preprocessor
configure:7841: g++ -E  conftest.cpp
configure:7841: $? = 0
configure:7855: g++ -E  conftest.cpp
conftest.cpp:23:28: error: ac_nonexistent.h: No such file or directory
configure:7855: $? = 1
configure: failed program was:
| /* confdefs.h */
| #define PACKAGE_NAME "avro-c"
| #define PACKAGE_TARNAME "avro-c"
| #define PACKAGE_VERSION "1.4.1"
| #define PACKAGE_STRING "avro-c 1.4.1"
| #define PACKAGE_BUGREPORT "http://issues.apache.org/jira/browse/AVRO"
| #define PACKAGE_URL ""
| #define PACKAGE "avro-c"
| #define VERSION "1.4.1"
| #define LIBAVRO_VERSION 21:0:0
| #define STDC_HEADERS 1
| #define HAVE_SYS_TYPES_H 1
| #define HAVE_SYS_STAT_H 1
| #define HAVE_STDLIB_H 1
| #define HAVE_STRING_H 1
| #define HAVE_MEMORY_H 1
| #define HAVE_STRINGS_H 1
| #define HAVE_INTTYPES_H 1
| #define HAVE_STDINT_H 1
| #define HAVE_UNISTD_H 1
| #define HAVE_DLFCN_H 1
| /* end confdefs.h.  */
| #include <ac_nonexistent.h>
configure:7880: result: g++ -E
configure:7900: g++ -E  conftest.cpp
configure:7900: $? = 0
configure:7914: g++ -E  conftest.cpp
conftest.cpp:23:28: error: ac_nonexistent.h: No such file or directory
configure:7914: $? = 1
configure: failed program was:
| /* confdefs.h */
| #define PACKAGE_NAME "avro-c"
| #define PACKAGE_TARNAME "avro-c"
| #define PACKAGE_VERSION "1.4.1"
| #define PACKAGE_STRING "avro-c 1.4.1"
| #define PACKAGE_BUGREPORT "http://issues.apache.org/jira/browse/AVRO"
| #define PACKAGE_URL ""
| #define PACKAGE "avro-c"
| #define VERSION "1.4.1"
| #define LIBAVRO_VERSION 21:0:0
| #define STDC_HEADERS 1
| #define HAVE_SYS_TYPES_H 1
| #define HAVE_SYS_STAT_H 1
| #define HAVE_STDLIB_H 1
| #define HAVE_STRING_H 1
| #define HAVE_MEMORY_H 1
| #define HAVE_STRINGS_H 1
| #define HAVE_INTTYPES_H 1
| #define HAVE_STDINT_H 1
| #define HAVE_UNISTD_H 1
| #define HAVE_DLFCN_H 1
| /* end confdefs.h.  */
| #include <ac_nonexistent.h>
configure:8120: checking for objdir
configure:8135: result: .libs
configure:8427: checking if gcc supports -fno-rtti -fno-exceptions
configure:8445: gcc -c -g -O2  -fno-rtti -fno-exceptions conftest.c >&5
cc1: warning: command line option "-fno-rtti" is valid for C++/ObjC++ but not for C
cc1: warning: command line option "-fno-rtti" is valid for C++/ObjC++ but not for C
configure:8449: $? = 0
configure:8462: result: no
configure:8482: checking for gcc option to produce PIC
configure:8754: result: -fPIC -DPIC
configure:8766: checking if gcc PIC flag -fPIC -DPIC works
configure:8784: gcc -c -g -O2  -fPIC -DPIC -DPIC conftest.c >&5
configure:8788: $? = 0
configure:8801: result: yes
configure:8825: checking if gcc static flag -static works
configure:8853: result: no
configure:8868: checking if gcc supports -c -o file.o
configure:8889: gcc -c -g -O2  -o out/conftest2.o conftest.c >&5
configure:8893: $? = 0
configure:8915: result: yes
configure:8923: checking if gcc supports -c -o file.o
configure:8970: result: yes
configure:9003: checking whether the gcc linker (/usr/bin/ld -m elf_x86_64) supports shared libraries
configure:9994: result: yes
configure:10031: checking whether -lc should be explicitly linked in
configure:10036: gcc -c -g -O2  conftest.c >&5
configure:10039: $? = 0
configure:10054: gcc -shared conftest.o  -v -Wl,-soname -Wl,conftest -o conftest 2\>\&1 \| /bin/grep  -lc  \>/dev/null 2\>\&1
configure:10057: $? = 0
configure:10069: result: no
configure:10233: checking dynamic linker characteristics
configure:10666: gcc -o conftest -g -O2   -Wl,-rpath -Wl,/foo conftest.c  >&5
configure:10666: $? = 0
configure:10896: result: GNU/Linux ld.so
configure:10998: checking how to hardcode library paths into programs
configure:11023: result: immediate
configure:11543: checking whether stripping libraries is possible
configure:11548: result: yes
configure:11583: checking if libtool supports shared libraries
configure:11585: result: yes
configure:11588: checking whether to build shared libraries
configure:11609: result: yes
configure:11612: checking whether to build static libraries
configure:11616: result: yes
configure:11766: checking for ld used by g++
configure:11833: result: /usr/bin/ld -m elf_x86_64
configure:11840: checking if the linker (/usr/bin/ld -m elf_x86_64) is GNU ld
configure:11855: result: yes
configure:11910: checking whether the g++ linker (/usr/bin/ld -m elf_x86_64) supports shared libraries
configure:12823: result: yes
configure:12851: g++ -c -g -O2  conftest.cpp >&5
configure:12854: $? = 0
configure:13036: checking for g++ option to produce PIC
configure:13353: result: -fPIC -DPIC
configure:13362: checking if g++ PIC flag -fPIC -DPIC works
configure:13380: g++ -c -g -O2  -fPIC -DPIC -DPIC conftest.cpp >&5
configure:13384: $? = 0
configure:13397: result: yes
configure:13418: checking if g++ static flag -static works
configure:13446: result: no
configure:13458: checking if g++ supports -c -o file.o
configure:13479: g++ -c -g -O2  -o out/conftest2.o conftest.cpp >&5
configure:13483: $? = 0
configure:13505: result: yes
configure:13510: checking if g++ supports -c -o file.o
configure:13557: result: yes
configure:13587: checking whether the g++ linker (/usr/bin/ld -m elf_x86_64) supports shared libraries
configure:13616: result: yes
configure:13753: checking dynamic linker characteristics
configure:14134: g++ -o conftest -g -O2   -Wl,-rpath -Wl,/foo conftest.cpp  >&5
configure:14134: $? = 0
configure:14364: result: GNU/Linux ld.so
configure:14415: checking how to hardcode library paths into programs
configure:14440: result: immediate
configure:14500: checking for ANSI C header files
configure:14604: result: yes
configure:14615: checking limits.h usability
configure:14615: gcc -c -g -O2  conftest.c >&5
configure:14615: $? = 0
configure:14615: result: yes
configure:14615: checking limits.h presence
configure:14615: gcc -E  conftest.c
configure:14615: $? = 0
configure:14615: result: yes
configure:14615: checking for limits.h
configure:14615: result: yes
configure:14615: checking for stdint.h
configure:14615: result: yes
configure:14615: checking for stdlib.h
configure:14615: result: yes
configure:14615: checking for string.h
configure:14615: result: yes
configure:14628: checking for an ANSI C-conforming const
configure:14693: gcc -c -g -O2  conftest.c >&5
configure:14693: $? = 0
configure:14700: result: yes
configure:14708: checking for size_t
configure:14708: gcc -c -g -O2  conftest.c >&5
configure:14708: $? = 0
configure:14708: gcc -c -g -O2  conftest.c >&5
conftest.c: In function 'main':
conftest.c:65: error: expected expression before ')' token
configure:14708: $? = 1
configure: failed program was:
| /* confdefs.h */
| #define PACKAGE_NAME "avro-c"
| #define PACKAGE_TARNAME "avro-c"
| #define PACKAGE_VERSION "1.4.1"
| #define PACKAGE_STRING "avro-c 1.4.1"
| #define PACKAGE_BUGREPORT "http://issues.apache.org/jira/browse/AVRO"
| #define PACKAGE_URL ""
| #define PACKAGE "avro-c"
| #define VERSION "1.4.1"
| #define LIBAVRO_VERSION 21:0:0
| #define STDC_HEADERS 1
| #define HAVE_SYS_TYPES_H 1
| #define HAVE_SYS_STAT_H 1
| #define HAVE_STDLIB_H 1
| #define HAVE_STRING_H 1
| #define HAVE_MEMORY_H 1
| #define HAVE_STRINGS_H 1
| #define HAVE_INTTYPES_H 1
| #define HAVE_STDINT_H 1
| #define HAVE_UNISTD_H 1
| #define HAVE_DLFCN_H 1
| #define LT_OBJDIR ".libs/"
| #define STDC_HEADERS 1
| #define HAVE_LIMITS_H 1
| #define HAVE_STDINT_H 1
| #define HAVE_STDLIB_H 1
| #define HAVE_STRING_H 1
| /* end confdefs.h.  */
| #include <stdio.h>
| #ifdef HAVE_SYS_TYPES_H
| # include <sys/types.h>
| #endif
| #ifdef HAVE_SYS_STAT_H
| # include <sys/stat.h>
| #endif
| #ifdef STDC_HEADERS
| # include <stdlib.h>
| # include <stddef.h>
| #else
| # ifdef HAVE_STDLIB_H
| #  include <stdlib.h>
| # endif
| #endif
| #ifdef HAVE_STRING_H
| # if !defined STDC_HEADERS && defined HAVE_MEMORY_H
| #  include <memory.h>
| # endif
| # include <string.h>
| #endif
| #ifdef HAVE_STRINGS_H
| # include <strings.h>
| #endif
| #ifdef HAVE_INTTYPES_H
| # include <inttypes.h>
| #endif
| #ifdef HAVE_STDINT_H
| # include <stdint.h>
| #endif
| #ifdef HAVE_UNISTD_H
| # include <unistd.h>
| #endif
| int
| main ()
| {
| if (sizeof ((size_t)))
| 	    return 0;
|   ;
|   return 0;
| }
configure:14708: result: yes
configure:14852: creating ./config.status

## ---------------------- ##
## Running config.status. ##
## ---------------------- ##

This file was extended by avro-c config.status 1.4.1, which was
generated by GNU Autoconf 2.65.  Invocation command line was

  CONFIG_FILES    = 
  CONFIG_HEADERS  = 
  CONFIG_LINKS    = 
  CONFIG_COMMANDS = 
  $ ./config.status 

on localhost.localdomain

config.status:1136: creating Makefile
config.status:1136: creating tests/Makefile
config.status:1136: creating docs/Makefile
config.status:1136: creating src/Makefile
config.status:1136: creating examples/Makefile
config.status:1136: creating config.h
config.status:1356: executing depfiles commands
config.status:1356: executing libtool commands
configure:17388: === configuring in jansson (/media/_CRYPTO is/GreenHouse/user_libraries/avro-c/avro-c-1.4.1/jansson)
configure:17451: running /bin/sh ./configure --disable-option-checking '--prefix=/usr/local'  --cache-file=/dev/null --srcdir=.

## ---------------- ##
## Cache variables. ##
## ---------------- ##

ac_cv_build=x86_64-unknown-linux-gnu
ac_cv_c_compiler_gnu=yes
ac_cv_c_const=yes
ac_cv_cxx_compiler_gnu=yes
ac_cv_env_CCC_set=
ac_cv_env_CCC_value=
ac_cv_env_CC_set=
ac_cv_env_CC_value=
ac_cv_env_CFLAGS_set=
ac_cv_env_CFLAGS_value=
ac_cv_env_CPPFLAGS_set=
ac_cv_env_CPPFLAGS_value=
ac_cv_env_CPP_set=
ac_cv_env_CPP_value=
ac_cv_env_CXXCPP_set=
ac_cv_env_CXXCPP_value=
ac_cv_env_CXXFLAGS_set=
ac_cv_env_CXXFLAGS_value=
ac_cv_env_CXX_set=
ac_cv_env_CXX_value=
ac_cv_env_LDFLAGS_set=
ac_cv_env_LDFLAGS_value=
ac_cv_env_LIBS_set=
ac_cv_env_LIBS_value=
ac_cv_env_build_alias_set=
ac_cv_env_build_alias_value=
ac_cv_env_host_alias_set=
ac_cv_env_host_alias_value=
ac_cv_env_target_alias_set=
ac_cv_env_target_alias_value=
ac_cv_header_dlfcn_h=yes
ac_cv_header_inttypes_h=yes
ac_cv_header_limits_h=yes
ac_cv_header_memory_h=yes
ac_cv_header_stdc=yes
ac_cv_header_stdint_h=yes
ac_cv_header_stdlib_h=yes
ac_cv_header_string_h=yes
ac_cv_header_strings_h=yes
ac_cv_header_sys_stat_h=yes
ac_cv_header_sys_types_h=yes
ac_cv_header_unistd_h=yes
ac_cv_host=x86_64-unknown-linux-gnu
ac_cv_objext=o
ac_cv_path_EGREP='/bin/grep -E'
ac_cv_path_FGREP='/bin/grep -F'
ac_cv_path_GREP=/bin/grep
ac_cv_path_SED=/bin/sed
ac_cv_path_install='/usr/bin/install -c'
ac_cv_path_mkdir=/bin/mkdir
ac_cv_prog_AWK=gawk
ac_cv_prog_CPP='gcc -E'
ac_cv_prog_CXXCPP='g++ -E'
ac_cv_prog_ac_ct_AR=ar
ac_cv_prog_ac_ct_CC=gcc
ac_cv_prog_ac_ct_CXX=g++
ac_cv_prog_ac_ct_OBJDUMP=objdump
ac_cv_prog_ac_ct_RANLIB=ranlib
ac_cv_prog_ac_ct_STRIP=strip
ac_cv_prog_cc_c89=
ac_cv_prog_cc_g=yes
ac_cv_prog_cc_gcc_c_o=yes
ac_cv_prog_cxx_g=yes
ac_cv_prog_make_make_set=yes
ac_cv_type_size_t=yes
am_cv_CC_dependencies_compiler_type=gcc3
am_cv_CXX_dependencies_compiler_type=gcc3
lt_cv_deplibs_check_method=pass_all
lt_cv_file_magic_cmd='$MAGIC_CMD'
lt_cv_file_magic_test_file=
lt_cv_ld_reload_flag=-r
lt_cv_nm_interface='BSD nm'
lt_cv_objdir=.libs
lt_cv_path_LD=/usr/bin/ld
lt_cv_path_LDCXX='/usr/bin/ld -m elf_x86_64'
lt_cv_path_NM='/usr/bin/nm -B'
lt_cv_prog_compiler_c_o=yes
lt_cv_prog_compiler_c_o_CXX=yes
lt_cv_prog_compiler_pic_works=yes
lt_cv_prog_compiler_pic_works_CXX=yes
lt_cv_prog_compiler_rtti_exceptions=no
lt_cv_prog_compiler_static_works=no
lt_cv_prog_compiler_static_works_CXX=no
lt_cv_prog_gnu_ld=yes
lt_cv_prog_gnu_ldcxx=yes
lt_cv_sys_global_symbol_pipe='sed -n -e '\''s/^.*[	 ]\([ABCDGIRSTW][ABCDGIRSTW]*\)[	 ][	 ]*\([_A-Za-z][_A-Za-z0-9]*\)$/\1 \2 \2/p'\'''
lt_cv_sys_global_symbol_to_c_name_address='sed -n -e '\''s/^: \([^ ]*\) $/  {\"\1\", (void *) 0},/p'\'' -e '\''s/^[ABCDGIRSTW]* \([^ ]*\) \([^ ]*\)$/  {"\2", (void *) \&\2},/p'\'''
lt_cv_sys_global_symbol_to_c_name_address_lib_prefix='sed -n -e '\''s/^: \([^ ]*\) $/  {\"\1\", (void *) 0},/p'\'' -e '\''s/^[ABCDGIRSTW]* \([^ ]*\) \(lib[^ ]*\)$/  {"\2", (void *) \&\2},/p'\'' -e '\''s/^[ABCDGIRSTW]* \([^ ]*\) \([^ ]*\)$/  {"lib\2", (void *) \&\2},/p'\'''
lt_cv_sys_global_symbol_to_cdecl='sed -n -e '\''s/^T .* \(.*\)$/extern int \1();/p'\'' -e '\''s/^[ABCDGIRSTW]* .* \(.*\)$/extern char \1;/p'\'''
lt_cv_sys_max_cmd_len=1966080

## ----------------- ##
## Output variables. ##
## ----------------- ##

ACLOCAL='${SHELL} "/media/_CRYPTO is/GreenHouse/user_libraries/avro-c/avro-c-1.4.1/config/missing" --run aclocal-1.11'
AMDEPBACKSLASH='\'
AMDEP_FALSE='#'
AMDEP_TRUE=''
AMTAR='${SHELL} "/media/_CRYPTO is/GreenHouse/user_libraries/avro-c/avro-c-1.4.1/config/missing" --run tar'
AR='ar'
AUTOCONF='${SHELL} "/media/_CRYPTO is/GreenHouse/user_libraries/avro-c/avro-c-1.4.1/config/missing" --run autoconf'
AUTOHEADER='${SHELL} "/media/_CRYPTO is/GreenHouse/user_libraries/avro-c/avro-c-1.4.1/config/missing" --run autoheader'
AUTOMAKE='${SHELL} "/media/_CRYPTO is/GreenHouse/user_libraries/avro-c/avro-c-1.4.1/config/missing" --run automake-1.11'
AWK='gawk'
CC='gcc'
CCDEPMODE='depmode=gcc3'
CFLAGS='-g -O2'
CPP='gcc -E'
CPPFLAGS=''
CXX='g++'
CXXCPP='g++ -E'
CXXDEPMODE='depmode=gcc3'
CXXFLAGS='-g -O2'
CYGPATH_W='echo'
DEFS='-DHAVE_CONFIG_H'
DEPDIR='.deps'
DSYMUTIL=''
DUMPBIN=''
ECHO_C=''
ECHO_N='-n'
ECHO_T=''
EGREP='/bin/grep -E'
EXEEXT=''
FGREP='/bin/grep -F'
GREP='/bin/grep'
INSTALL_DATA='${INSTALL} -m 644'
INSTALL_PROGRAM='${INSTALL}'
INSTALL_SCRIPT='${INSTALL}'
INSTALL_STRIP_PROGRAM='$(install_sh) -c -s'
LD='/usr/bin/ld -m elf_x86_64'
LDFLAGS=''
LIBAVRO_VERSION='21:0:0'
LIBOBJS=''
LIBS=''
LIBTOOL='$(SHELL) $(top_builddir)/libtool'
LIPO=''
LN_S='ln -s'
LTLIBOBJS=''
MAKEINFO='${SHELL} "/media/_CRYPTO is/GreenHouse/user_libraries/avro-c/avro-c-1.4.1/config/missing" --run makeinfo'
MKDIR_P='/bin/mkdir -p'
NM='/usr/bin/nm -B'
NMEDIT=''
OBJDUMP='objdump'
OBJEXT='o'
OTOOL64=''
OTOOL=''
PACKAGE='avro-c'
PACKAGE_BUGREPORT='http://issues.apache.org/jira/browse/AVRO'
PACKAGE_NAME='avro-c'
PACKAGE_STRING='avro-c 1.4.1'
PACKAGE_TARNAME='avro-c'
PACKAGE_URL=''
PACKAGE_VERSION='1.4.1'
PATH_SEPARATOR=':'
RANLIB='ranlib'
SED='/bin/sed'
SET_MAKE=''
SHELL='/bin/sh'
STRIP='strip'
VERSION='1.4.1'
ac_ct_CC='gcc'
ac_ct_CXX='g++'
ac_ct_DUMPBIN=''
am__EXEEXT_FALSE=''
am__EXEEXT_TRUE='#'
am__fastdepCC_FALSE='#'
am__fastdepCC_TRUE=''
am__fastdepCXX_FALSE='#'
am__fastdepCXX_TRUE=''
am__include='include'
am__isrc=''
am__leading_dot='.'
am__quote=''
am__tar='${AMTAR} chof - "$$tardir"'
am__untar='${AMTAR} xf -'
bindir='${exec_prefix}/bin'
build='x86_64-unknown-linux-gnu'
build_alias=''
build_cpu='x86_64'
build_os='linux-gnu'
build_vendor='unknown'
datadir='${datarootdir}'
datarootdir='${prefix}/share'
docdir='${datarootdir}/doc/${PACKAGE_TARNAME}'
dvidir='${docdir}'
exec_prefix='${prefix}'
host='x86_64-unknown-linux-gnu'
host_alias=''
host_cpu='x86_64'
host_os='linux-gnu'
host_vendor='unknown'
htmldir='${docdir}'
includedir='${prefix}/include'
infodir='${datarootdir}/info'
install_sh='${SHELL} '\''/media/_CRYPTO is/GreenHouse/user_libraries/avro-c/avro-c-1.4.1/config/install-sh'\'''
libdir='${exec_prefix}/lib'
libexecdir='${exec_prefix}/libexec'
localedir='${datarootdir}/locale'
localstatedir='${prefix}/var'
lt_ECHO='echo'
mandir='${datarootdir}/man'
mkdir_p='/bin/mkdir -p'
oldincludedir='/usr/include'
pdfdir='${docdir}'
prefix='/usr/local'
program_transform_name='s,x,x,'
psdir='${docdir}'
sbindir='${exec_prefix}/sbin'
sharedstatedir='${prefix}/com'
subdirs=' jansson'
sysconfdir='${prefix}/etc'
target_alias=''

## ----------- ##
## confdefs.h. ##
## ----------- ##

/* confdefs.h */
#define PACKAGE_NAME "avro-c"
#define PACKAGE_TARNAME "avro-c"
#define PACKAGE_VERSION "1.4.1"
#define PACKAGE_STRING "avro-c 1.4.1"
#define PACKAGE_BUGREPORT "http://issues.apache.org/jira/browse/AVRO"
#define PACKAGE_URL ""
#define PACKAGE "avro-c"
#define VERSION "1.4.1"
#define LIBAVRO_VERSION 21:0:0
#define STDC_HEADERS 1
#define HAVE_SYS_TYPES_H 1
#define HAVE_SYS_STAT_H 1
#define HAVE_STDLIB_H 1
#define HAVE_STRING_H 1
#define HAVE_MEMORY_H 1
#define HAVE_STRINGS_H 1
#define HAVE_INTTYPES_H 1
#define HAVE_STDINT_H 1
#define HAVE_UNISTD_H 1
#define HAVE_DLFCN_H 1
#define LT_OBJDIR ".libs/"
#define STDC_HEADERS 1
#define HAVE_LIMITS_H 1
#define HAVE_STDINT_H 1
#define HAVE_STDLIB_H 1
#define HAVE_STRING_H 1

configure: exit 0
